<?xml version="1.0" encoding="UTF-8"?>
<!-- Generated by org.testng.reporters.JUnitReportReporter -->
<testsuite hostname="Ness" failures="0" tests="1" name="tests.loginFailSauce" time="0.755" errors="0" timestamp="2024-01-14T21:59:16 WEST" skipped="0">
  <testcase classname="tests.loginFailSauce" name="loginFailSauce" time="0.755"/>
  <system-out/>
</testsuite> <!-- tests.loginFailSauce -->
